Application/build/intermediates/manifest_merge_blame_file/debug/manifest-merger-blame-debug-report.txt
1<?xml version="1.0" encoding="utf-8"?>
2<!--
3 Copyright (C) 2021 The Android Open Source Project
4
5     Licensed under the Apache License, Version 2.0 (the "License");
6     you may not use this file except in compliance with the License.
7     You may obtain a copy of the License at
8
9          http://www.apache.org/licenses/LICENSE-2.0
10
11     Unless required by applicable law or agreed to in writing, software
12     distributed under the License is distributed on an "AS IS" BASIS,
13     WITHOUT WARRANTIES OR CONDITIONS OF ANY KIND, either express or implied.
14     See the License for the specific language governing permissions and
15     limitations under the License.
16-->
17<manifest xmlns:android="http://schemas.android.com/apk/res/android"
18    package="com.pinkunicorp.watch.eyes"
19    android:versionCode="1"
20    android:versionName="1.0" >
21
22    <uses-sdk
23        android:minSdkVersion="21"
23-->src\main\AndroidManifest.xml
24        android:targetSdkVersion="32" />
24-->src\main\AndroidManifest.xml
25
26    <uses-feature
26-->src\main\AndroidManifest.xml:20:5-22:36
27        android:name="android.hardware.camera"
27-->src\main\AndroidManifest.xml:21:9-47
28        android:required="false" />
28-->src\main\AndroidManifest.xml:22:9-33
29
30    <permission
30-->[androidx.core:core:1.9.0] AndroidManifest.xml:22:5-24:47
31        android:name="com.pinkunicorp.watch.eyes.DYNAMIC_RECEIVER_NOT_EXPORTED_PERMISSION"
31-->[androidx.core:core:1.9.0] AndroidManifest.xml:23:9-81
32        android:protectionLevel="signature" />
32-->[androidx.core:core:1.9.0] AndroidManifest.xml:24:9-44
33
34    <uses-permission android:name="com.pinkunicorp.watch.eyes.DYNAMIC_RECEIVER_NOT_EXPORTED_PERMISSION" />
34-->[androidx.core:core:1.9.0] AndroidManifest.xml:26:5-97
34-->[androidx.core:core:1.9.0] AndroidManifest.xml:26:22-94
35
36    <application
36-->src\main\AndroidManifest.xml:24:5-43:19
37        android:allowBackup="true"
37-->src\main\AndroidManifest.xml:25:9-35
38        android:appComponentFactory="androidx.core.app.CoreComponentFactory"
38-->[androidx.core:core:1.9.0] AndroidManifest.xml:28:18-86
39        android:debuggable="true"
40        android:fullBackupOnly="true"
40-->src\main\AndroidManifest.xml:26:9-38
41        android:icon="@drawable/ic_launcher"
41-->src\main\AndroidManifest.xml:27:9-45
42        android:label="@string/app_name"
42-->src\main\AndroidManifest.xml:28:9-41
43        android:testOnly="true" >
44        <meta-data
44-->src\main\AndroidManifest.xml:30:9-32:69
45            android:name="com.google.android.gms.version"
45-->src\main\AndroidManifest.xml:31:13-58
46            android:value="@integer/google_play_services_version" />
46-->src\main\AndroidManifest.xml:32:13-66
47
48        <activity
48-->src\main\AndroidManifest.xml:34:9-42:20
49            android:name="com.pinkunicorp.watch.eyes.MainActivity"
49-->src\main\AndroidManifest.xml:35:13-41
50            android:exported="true"
50-->src\main\AndroidManifest.xml:36:13-36
51            android:theme="@android:style/Theme.Material.Light.NoActionBar" >
51-->src\main\AndroidManifest.xml:37:13-76
52            <intent-filter>
52-->src\main\AndroidManifest.xml:38:13-41:29
53                <action android:name="android.intent.action.MAIN" />
53-->src\main\AndroidManifest.xml:39:17-69
53-->src\main\AndroidManifest.xml:39:25-66
54
55                <category android:name="android.intent.category.LAUNCHER" />
55-->src\main\AndroidManifest.xml:40:17-77
55-->src\main\AndroidManifest.xml:40:27-74
56            </intent-filter>
57        </activity>
58        <activity
58-->[androidx.compose.ui:ui-tooling:1.2.1] AndroidManifest.xml:24:9-26:39
59            android:name="androidx.compose.ui.tooling.PreviewActivity"
59-->[androidx.compose.ui:ui-tooling:1.2.1] AndroidManifest.xml:25:13-71
60            android:exported="true" />
60-->[androidx.compose.ui:ui-tooling:1.2.1] AndroidManifest.xml:26:13-36
61        <activity
61-->[com.google.android.gms:play-services-base:17.5.0] AndroidManifest.xml:23:9-26:75
62            android:name="com.google.android.gms.common.api.GoogleApiActivity"
62-->[com.google.android.gms:play-services-base:17.5.0] AndroidManifest.xml:24:13-79
63            android:exported="false"
63-->[com.google.android.gms:play-services-base:17.5.0] AndroidManifest.xml:25:13-37
64            android:theme="@android:style/Theme.Translucent.NoTitleBar" />
64-->[com.google.android.gms:play-services-base:17.5.0] AndroidManifest.xml:26:13-72
65
66        <provider
66-->[androidx.profileinstaller:profileinstaller:1.2.0] AndroidManifest.xml:25:9-33:20
67            android:name="androidx.startup.InitializationProvider"
67-->[androidx.profileinstaller:profileinstaller:1.2.0] AndroidManifest.xml:26:13-67
68            android:authorities="com.pinkunicorp.watch.eyes.androidx-startup"
68-->[androidx.profileinstaller:profileinstaller:1.2.0] AndroidManifest.xml:27:13-68
69            android:exported="false" >
69-->[androidx.profileinstaller:profileinstaller:1.2.0] AndroidManifest.xml:28:13-37
70            <meta-data
70-->[androidx.profileinstaller:profileinstaller:1.2.0] AndroidManifest.xml:30:13-32:52
71                android:name="androidx.profileinstaller.ProfileInstallerInitializer"
71-->[androidx.profileinstaller:profileinstaller:1.2.0] AndroidManifest.xml:31:17-85
72                android:value="androidx.startup" />
72-->[androidx.profileinstaller:profileinstaller:1.2.0] AndroidManifest.xml:32:17-49
73        </provider>
74
75        <receiver
75-->[androidx.profileinstaller:profileinstaller:1.2.0] AndroidManifest.xml:35:9-47:20
76            android:name="androidx.profileinstaller.ProfileInstallReceiver"
76-->[androidx.profileinstaller:profileinstaller:1.2.0] AndroidManifest.xml:36:13-76
77            android:directBootAware="false"
77-->[androidx.profileinstaller:profileinstaller:1.2.0] AndroidManifest.xml:37:13-44
78            android:enabled="true"
78-->[androidx.profileinstaller:profileinstaller:1.2.0] AndroidManifest.xml:38:13-35
79            android:exported="true"
79-->[androidx.profileinstaller:profileinstaller:1.2.0] AndroidManifest.xml:39:13-36
80            android:permission="android.permission.DUMP" >
80-->[androidx.profileinstaller:profileinstaller:1.2.0] AndroidManifest.xml:40:13-57
81            <intent-filter>
81-->[androidx.profileinstaller:profileinstaller:1.2.0] AndroidManifest.xml:41:13-43:29
82                <action android:name="androidx.profileinstaller.action.INSTALL_PROFILE" />
82-->[androidx.profileinstaller:profileinstaller:1.2.0] AndroidManifest.xml:42:17-91
82-->[androidx.profileinstaller:profileinstaller:1.2.0] AndroidManifest.xml:42:25-88
83            </intent-filter>
84            <intent-filter>
84-->[androidx.profileinstaller:profileinstaller:1.2.0] AndroidManifest.xml:44:13-46:29
85                <action android:name="androidx.profileinstaller.action.SKIP_FILE" />
85-->[androidx.profileinstaller:profileinstaller:1.2.0] AndroidManifest.xml:45:17-85
85-->[androidx.profileinstaller:profileinstaller:1.2.0] AndroidManifest.xml:45:25-82
86            </intent-filter>
87        </receiver>
88    </application>
89
90</manifest>